<?xml version="1.0" encoding="UTF-8"?>
<!-- Generated by org.testng.reporters.JUnitReportReporter -->
<testsuite hostname="DESKTOP-TTLA92V" failures="0" tests="2" name="parallelTests.SeleniumGrid" time="3.076" errors="0" timestamp="2024-12-14T08:55:08 IST" skipped="0">
  <testcase classname="parallelTests.SeleniumGrid" name="testMethod" time="1.438"/>
  <system-out/>
  <testcase classname="parallelTests.SeleniumGrid" name="testMethod" time="1.638"/>
  <system-out/>
</testsuite> <!-- parallelTests.SeleniumGrid -->
