<?xml version="1.0" encoding="UTF-8"?>
<!-- Generated by org.testng.reporters.JUnitReportReporter -->
<testsuite hostname="DESKTOP-TTLA92V" failures="0" tests="1" name="SeleniumGrid" time="3.406" errors="0" timestamp="2024-12-11T08:48:15 IST" skipped="0">
  <testcase classname="SeleniumGrid" name="test" time="3.406"/>
  <system-out/>
</testsuite> <!-- SeleniumGrid -->
